<?xml version="1.0" encoding="UTF-8"?>
<!-- Generated by org.testng.reporters.JUnitReportReporter -->
<testsuite skipped="0" hostname="INBLRWIT247622" name="com.volvo.testngtutorials.Testng_Ex5" tests="4" failures="0" timestamp="14 Jan 2022 10:24:39 GMT" time="0.041" errors="0">
  <testcase name="registerPageTest" time="0.007" classname="com.volvo.testngtutorials.Testng_Ex5"/>
  <testcase name="SearchPageTest" time="0.003" classname="com.volvo.testngtutorials.Testng_Ex5"/>
  <testcase name="homePageTest" time="0.008" classname="com.volvo.testngtutorials.Testng_Ex5"/>
  <testcase name="loginTest" time="0.023" classname="com.volvo.testngtutorials.Testng_Ex5"/>
</testsuite> <!-- com.volvo.testngtutorials.Testng_Ex5 -->
