<?xml version="1.0" encoding="UTF-8"?>
<!-- Generated by org.testng.reporters.JUnitReportReporter -->
<testsuite skipped="0" hostname="INBLRWIT247622" name="com.volvo.seleniumconcepts.WebdriverBasics" tests="1" failures="0" timestamp="22 Sep 2020 19:20:17 GMT" time="26.595" errors="0">
  <testcase name="webdriverBasicsConcepts" time="26.595" classname="com.volvo.seleniumconcepts.WebdriverBasics"/>
</testsuite> <!-- com.volvo.seleniumconcepts.WebdriverBasics -->
