<?xml version="1.0" encoding="UTF-8"?>
<!-- Generated by org.testng.reporters.JUnitReportReporter -->
<testsuite skipped="0" hostname="INBLRWIT247622" name="com.volvo.testngtutorials.Testng_Ex2" tests="3" failures="0" timestamp="14 Mar 2022 06:40:06 GMT" time="0.032" errors="0">
  <testcase name="selectItem" time="0.002" classname="com.volvo.testngtutorials.Testng_Ex2"/>
  <testcase name="checkout" time="0.002" classname="com.volvo.testngtutorials.Testng_Ex2"/>
  <testcase name="login" time="0.028" classname="com.volvo.testngtutorials.Testng_Ex2"/>
</testsuite> <!-- com.volvo.testngtutorials.Testng_Ex2 -->
