<?xml version="1.0" encoding="UTF-8"?>
<!-- Generated by org.testng.reporters.JUnitReportReporter -->
<testsuite name="com.learnautomation.testcases.LoginTestCRM" tests="1" time="8.868" ignored="0" failures="0" timestamp="23 Oct 2019 21:03:16 GMT" skipped="0" hostname="INBLRWIT247622" errors="0">
  <testcase name="Login" time="8.868" classname="com.learnautomation.testcases.LoginTestCRM"/>
</testsuite> <!-- com.learnautomation.testcases.LoginTestCRM -->
