<?xml version="1.0" encoding="UTF-8"?>
<!-- Generated by org.testng.reporters.JUnitReportReporter -->
<testsuite skipped="0" hostname="INBLRWIT247622" name="com.volvo.testngtutorials.Testng_Ex3" tests="4" failures="0" timestamp="19 Nov 2021 06:00:13 GMT" time="0.063" errors="0">
  <testcase name="checkout" time="0.004" classname="com.volvo.testngtutorials.Testng_Ex3"/>
  <testcase name="selectItem" time="0.004" classname="com.volvo.testngtutorials.Testng_Ex3"/>
  <testcase name="login" time="0.024" classname="com.volvo.testngtutorials.Testng_Ex3"/>
  <testcase name="ball" time="0.031" classname="com.volvo.testngtutorials.Testng_Ex3"/>
</testsuite> <!-- com.volvo.testngtutorials.Testng_Ex3 -->
