<?xml version="1.0" encoding="UTF-8"?>
<!-- Generated by org.testng.reporters.JUnitReportReporter -->
<testsuite name="com.learnautomation.testcases.LoginFacebook" tests="1" time="11.822" ignored="0" failures="0" timestamp="23 Oct 2019 21:53:29 GMT" skipped="0" hostname="INBLRWIT247622" errors="0">
  <testcase name="Login" time="11.822" classname="com.learnautomation.testcases.LoginFacebook"/>
</testsuite> <!-- com.learnautomation.testcases.LoginFacebook -->
