<?xml version="1.0" encoding="UTF-8"?>
<!-- Generated by org.testng.reporters.JUnitReportReporter -->
<testsuite skipped="0" hostname="INBLRWIT247622" name="com.volvo.testngtutorials.Testng_Ex1" tests="3" failures="0" timestamp="19 Nov 2021 05:58:22 GMT" time="0.050" errors="0">
  <testcase name="checkout" time="0.044" classname="com.volvo.testngtutorials.Testng_Ex1"/>
  <testcase name="login" time="0.003" classname="com.volvo.testngtutorials.Testng_Ex1"/>
  <testcase name="selectItem" time="0.003" classname="com.volvo.testngtutorials.Testng_Ex1"/>
</testsuite> <!-- com.volvo.testngtutorials.Testng_Ex1 -->
