<?xml version="1.0" encoding="UTF-8"?>
<!-- Generated by org.testng.reporters.JUnitReportReporter -->
<testsuite skipped="0" hostname="INBLRWIT247622" name="com.volvo.seleniumconcepts.ReadExcel_2ndWay" tests="1" failures="0" timestamp="15 Jun 2020 16:19:14 GMT" time="0.886" errors="0">
  <testcase name="readDataFromExcel" time="0.886" classname="com.volvo.seleniumconcepts.ReadExcel_2ndWay"/>
</testsuite> <!-- com.volvo.seleniumconcepts.ReadExcel_2ndWay -->
