<?xml version="1.0" encoding="UTF-8"?>
<!-- Generated by org.testng.reporters.JUnitReportReporter -->
<testsuite skipped="0" hostname="INBLRWIT247622" name="com.volvo.seleniumconcepts.HandleFileUploadPopUP" tests="1" failures="0" timestamp="22 Sep 2020 21:01:03 GMT" time="32.633" errors="0">
  <testcase name="uploadFiles" time="32.633" classname="com.volvo.seleniumconcepts.HandleFileUploadPopUP"/>
</testsuite> <!-- com.volvo.seleniumconcepts.HandleFileUploadPopUP -->
