<?xml version="1.0" encoding="UTF-8"?>
<!-- Generated by org.testng.reporters.JUnitReportReporter -->
<testsuite skipped="0" hostname="INBLRWIT247622" name="com.volvo.seleniumconcepts.FirstConcept_ScrollingWebPage" tests="1" failures="0" timestamp="26 Apr 2020 13:03:14 GMT" time="19.056" errors="0">
  <testcase name="scrollToBottomOfPage" time="19.056" classname="com.volvo.seleniumconcepts.FirstConcept_ScrollingWebPage"/>
</testsuite> <!-- com.volvo.seleniumconcepts.FirstConcept_ScrollingWebPage -->
