<?xml version="1.0" encoding="UTF-8"?>
<!-- Generated by org.testng.reporters.JUnitReportReporter -->
<testsuite skipped="0" hostname="INBLRWIT247622" name="com.volvo.seleniumconcepts.HandleAlerts" tests="1" failures="0" timestamp="14 Apr 2022 12:45:09 GMT" time="57.042" errors="0">
  <testcase name="testAlertConcept" time="57.042" classname="com.volvo.seleniumconcepts.HandleAlerts"/>
</testsuite> <!-- com.volvo.seleniumconcepts.HandleAlerts -->
