<?xml version="1.0" encoding="UTF-8"?>
<!-- Generated by org.testng.reporters.JUnitReportReporter -->
<testsuite skipped="0" hostname="INBLRWIT247622" name="com.volvo.seleniumconcepts.DragAndDrop" tests="1" failures="0" timestamp="27 Sep 2020 12:49:17 GMT" time="17.131" errors="0">
  <testcase name="testDragNDrop_Concept" time="17.131" classname="com.volvo.seleniumconcepts.DragAndDrop"/>
</testsuite> <!-- com.volvo.seleniumconcepts.DragAndDrop -->
