<?xml version="1.0" encoding="UTF-8"?>
<!-- Generated by org.testng.reporters.JUnitReportReporter -->
<testsuite skipped="0" hostname="INBLRWIT247622" name="com.automation.testcases.POC" tests="1" failures="0" timestamp="24 Oct 2019 08:25:56 GMT" time="14.513" errors="0">
  <testcase name="getPOC" time="14.513" classname="com.automation.testcases.POC"/>
</testsuite> <!-- com.automation.testcases.POC -->
