<?xml version="1.0" encoding="UTF-8"?>
<!-- Generated by org.testng.reporters.JUnitReportReporter -->
<testsuite skipped="0" hostname="INBLRWIT247622" name="com.volvo.testngtutorials.Testng_Ex6_InvocationCount" tests="11" failures="0" timestamp="14 Mar 2022 06:41:22 GMT" time="0.075" errors="0">
  <testcase name="loginTest" time="0.035" classname="com.volvo.testngtutorials.Testng_Ex6_InvocationCount"/>
  <testcase name="sum" time="0.005" classname="com.volvo.testngtutorials.Testng_Ex6_InvocationCount"/>
  <testcase name="sum" time="0.007" classname="com.volvo.testngtutorials.Testng_Ex6_InvocationCount"/>
  <testcase name="sum" time="0.002" classname="com.volvo.testngtutorials.Testng_Ex6_InvocationCount"/>
  <testcase name="sum" time="0.002" classname="com.volvo.testngtutorials.Testng_Ex6_InvocationCount"/>
  <testcase name="sum" time="0.002" classname="com.volvo.testngtutorials.Testng_Ex6_InvocationCount"/>
  <testcase name="sum" time="0.002" classname="com.volvo.testngtutorials.Testng_Ex6_InvocationCount"/>
  <testcase name="sum" time="0.002" classname="com.volvo.testngtutorials.Testng_Ex6_InvocationCount"/>
  <testcase name="sum" time="0.006" classname="com.volvo.testngtutorials.Testng_Ex6_InvocationCount"/>
  <testcase name="sum" time="0.009" classname="com.volvo.testngtutorials.Testng_Ex6_InvocationCount"/>
  <testcase name="sum" time="0.003" classname="com.volvo.testngtutorials.Testng_Ex6_InvocationCount"/>
</testsuite> <!-- com.volvo.testngtutorials.Testng_Ex6_InvocationCount -->
