<?xml version="1.0" encoding="UTF-8"?>
<!-- Generated by org.testng.reporters.JUnitReportReporter -->
<testsuite name="com.learnautomation.testcases.LoginFacebook_TC" tests="1" time="36.111" ignored="0" failures="0" timestamp="23 Oct 2019 22:24:42 GMT" skipped="0" hostname="INBLRWIT247622" errors="0">
  <testcase name="Login" time="36.111" classname="com.learnautomation.testcases.LoginFacebook_TC"/>
</testsuite> <!-- com.learnautomation.testcases.LoginFacebook_TC -->
