<?xml version="1.0" encoding="UTF-8"?>
<!-- Generated by org.testng.reporters.JUnitReportReporter -->
<testsuite skipped="0" hostname="INBLRWIT247622" name="com.volvo.java.xpath.Xpath" tests="1" failures="0" timestamp="9 Apr 2022 11:38:53 GMT" time="41.966" errors="0">
  <testcase name="testCase" time="41.966" classname="com.volvo.java.xpath.Xpath"/>
</testsuite> <!-- com.volvo.java.xpath.Xpath -->
