<?xml version="1.0" encoding="UTF-8"?>
<!-- Generated by org.testng.reporters.JUnitReportReporter -->
<testsuite skipped="0" hostname="INBLRWIT247622" name="com.volvo.testngtutorials.Testng_Ex7_Exceptions" tests="1" failures="0" timestamp="13 Oct 2021 09:15:16 GMT" time="0.018" errors="0">
  <testcase name="test1" time="0.018" classname="com.volvo.testngtutorials.Testng_Ex7_Exceptions"/>
</testsuite> <!-- com.volvo.testngtutorials.Testng_Ex7_Exceptions -->
