<?xml version="1.0" encoding="UTF-8"?>
<!-- Generated by org.testng.reporters.JUnitReportReporter -->
<testsuite skipped="0" hostname="INBLRWIT247622" name="com.volvo.seleniumconcepts.CallSeleniumWebDriver" tests="1" failures="0" timestamp="1 Mar 2020 14:57:47 GMT" time="16.924" errors="0">
  <testcase name="getSeleniumWebdriverCmdClass" time="16.924" classname="com.volvo.seleniumconcepts.CallSeleniumWebDriver"/>
</testsuite> <!-- com.volvo.seleniumconcepts.CallSeleniumWebDriver -->
